15:15:33.189 [restartedMain] INFO  c.z.c.CommunityprojectApplication - Starting CommunityprojectApplication using Java 1.8.0_352 on 최의현 with PID 24952 (C:\dev\IntelliJ IDEA 2022.3.1\communityproject\build\classes\java\main started by admin in C:\dev\IntelliJ IDEA 2022.3.1\communityproject)
15:15:33.195 [restartedMain] INFO  c.z.c.CommunityprojectApplication - No active profile set, falling back to 1 default profile: "default"
15:15:33.260 [restartedMain] INFO  o.s.b.d.e.DevToolsPropertyDefaultsPostProcessor - Devtools property defaults active! Set 'spring.devtools.add-properties' to 'false' to disable
15:15:33.260 [restartedMain] INFO  o.s.b.d.e.DevToolsPropertyDefaultsPostProcessor - For additional web related logging consider setting the 'logging.level.web' property to 'DEBUG'
15:15:34.637 [restartedMain] INFO  o.s.d.r.c.RepositoryConfigurationDelegate - Bootstrapping Spring Data JPA repositories in DEFAULT mode.
15:15:34.746 [restartedMain] INFO  o.s.d.r.c.RepositoryConfigurationDelegate - Finished Spring Data repository scanning in 94 ms. Found 2 JPA repository interfaces.
15:15:35.641 [restartedMain] INFO  o.s.b.w.e.tomcat.TomcatWebServer - Tomcat initialized with port(s): 8080 (http)
15:15:35.653 [restartedMain] INFO  o.a.coyote.http11.Http11NioProtocol - Initializing ProtocolHandler ["http-nio-8080"]
15:15:35.655 [restartedMain] INFO  o.a.catalina.core.StandardService - Starting service [Tomcat]
15:15:35.655 [restartedMain] INFO  o.a.catalina.core.StandardEngine - Starting Servlet engine: [Apache Tomcat/9.0.71]
15:15:35.755 [restartedMain] INFO  o.a.c.c.C.[Tomcat].[localhost].[/] - Initializing Spring embedded WebApplicationContext
15:15:35.756 [restartedMain] INFO  o.s.b.w.s.c.ServletWebServerApplicationContext - Root WebApplicationContext: initialization completed in 2495 ms
15:15:36.045 [restartedMain] INFO  o.h.jpa.internal.util.LogHelper - HHH000204: Processing PersistenceUnitInfo [name: default]
15:15:36.170 [restartedMain] INFO  org.hibernate.Version - HHH000412: Hibernate ORM core version 5.6.15.Final
15:15:36.390 [restartedMain] INFO  o.h.annotations.common.Version - HCANN000001: Hibernate Commons Annotations {5.1.2.Final}
15:15:36.533 [restartedMain] INFO  com.zaxxer.hikari.HikariDataSource - HikariPool-1 - Starting...
15:15:36.584 [restartedMain] INFO  com.zaxxer.hikari.HikariDataSource - HikariPool-1 - Start completed.
15:15:36.616 [restartedMain] INFO  org.hibernate.dialect.Dialect - HHH000400: Using dialect: org.hibernate.dialect.MariaDB106Dialect
15:15:37.390 [restartedMain] INFO  o.h.e.t.j.p.i.JtaPlatformInitiator - HHH000490: Using JtaPlatform implementation: [org.hibernate.engine.transaction.jta.platform.internal.NoJtaPlatform]
15:15:37.406 [restartedMain] INFO  o.s.o.j.LocalContainerEntityManagerFactoryBean - Initialized JPA EntityManagerFactory for persistence unit 'default'
15:15:38.331 [restartedMain] WARN  o.s.b.a.o.j.JpaBaseConfiguration$JpaWebConfiguration - spring.jpa.open-in-view is enabled by default. Therefore, database queries may be performed during view rendering. Explicitly configure spring.jpa.open-in-view to disable this warning
15:15:38.506 [restartedMain] WARN  o.s.s.c.a.web.builders.WebSecurity - You are asking Spring Security to ignore Ant [pattern='/favicon.ico']. This is not recommended -- please use permitAll via HttpSecurity#authorizeHttpRequests instead.
15:15:38.507 [restartedMain] INFO  o.s.s.web.DefaultSecurityFilterChain - Will not secure Ant [pattern='/favicon.ico']
15:15:38.508 [restartedMain] WARN  o.s.s.c.a.web.builders.WebSecurity - You are asking Spring Security to ignore Ant [pattern='/files/**']. This is not recommended -- please use permitAll via HttpSecurity#authorizeHttpRequests instead.
15:15:38.508 [restartedMain] INFO  o.s.s.web.DefaultSecurityFilterChain - Will not secure Ant [pattern='/files/**']
15:15:38.563 [restartedMain] INFO  o.s.s.web.DefaultSecurityFilterChain - Will secure any request with [org.springframework.security.web.session.DisableEncodeUrlFilter@50ec9b47, org.springframework.security.web.context.request.async.WebAsyncManagerIntegrationFilter@2b472a07, org.springframework.security.web.context.SecurityContextPersistenceFilter@599c10ac, org.springframework.security.web.header.HeaderWriterFilter@6a7aa196, org.springframework.security.web.authentication.logout.LogoutFilter@74578740, org.springframework.security.web.authentication.UsernamePasswordAuthenticationFilter@6d0bf767, org.springframework.security.web.authentication.www.BasicAuthenticationFilter@1b7aa8fa, org.springframework.security.web.savedrequest.RequestCacheAwareFilter@26c867c3, org.springframework.security.web.servletapi.SecurityContextHolderAwareRequestFilter@39bbbaf1, org.springframework.security.web.authentication.AnonymousAuthenticationFilter@65347aed, org.springframework.security.web.session.SessionManagementFilter@7293934e, org.springframework.security.web.access.ExceptionTranslationFilter@56357041, org.springframework.security.web.access.intercept.FilterSecurityInterceptor@7de81e7e]
15:15:38.793 [restartedMain] INFO  o.s.b.a.w.s.WelcomePageHandlerMapping - Adding welcome page template: index
15:15:39.095 [restartedMain] INFO  o.s.b.d.a.OptionalLiveReloadServer - LiveReload server is running on port 35729
15:15:39.121 [restartedMain] INFO  o.a.coyote.http11.Http11NioProtocol - Starting ProtocolHandler ["http-nio-8080"]
15:15:39.147 [restartedMain] INFO  o.s.b.w.e.tomcat.TomcatWebServer - Tomcat started on port(s): 8080 (http) with context path ''
15:15:39.162 [restartedMain] INFO  c.z.c.CommunityprojectApplication - Started CommunityprojectApplication in 6.74 seconds (JVM running for 10.461)
15:16:09.976 [http-nio-8080-exec-2] INFO  o.a.c.c.C.[Tomcat].[localhost].[/] - Initializing Spring DispatcherServlet 'dispatcherServlet'
15:16:09.976 [http-nio-8080-exec-2] INFO  o.s.web.servlet.DispatcherServlet - Initializing Servlet 'dispatcherServlet'
15:16:09.978 [http-nio-8080-exec-2] INFO  o.s.web.servlet.DispatcherServlet - Completed initialization in 2 ms
15:16:50.594 [SpringApplicationShutdownHook] INFO  o.s.o.j.LocalContainerEntityManagerFactoryBean - Closing JPA EntityManagerFactory for persistence unit 'default'
15:16:50.599 [SpringApplicationShutdownHook] INFO  com.zaxxer.hikari.HikariDataSource - HikariPool-1 - Shutdown initiated...
15:16:50.606 [SpringApplicationShutdownHook] INFO  com.zaxxer.hikari.HikariDataSource - HikariPool-1 - Shutdown completed.
15:16:56.926 [restartedMain] INFO  c.z.c.CommunityprojectApplication - Starting CommunityprojectApplication using Java 1.8.0_352 on 최의현 with PID 53452 (C:\dev\IntelliJ IDEA 2022.3.1\communityproject\build\classes\java\main started by admin in C:\dev\IntelliJ IDEA 2022.3.1\communityproject)
15:16:56.937 [restartedMain] INFO  c.z.c.CommunityprojectApplication - No active profile set, falling back to 1 default profile: "default"
15:16:56.997 [restartedMain] INFO  o.s.b.d.e.DevToolsPropertyDefaultsPostProcessor - Devtools property defaults active! Set 'spring.devtools.add-properties' to 'false' to disable
15:16:56.998 [restartedMain] INFO  o.s.b.d.e.DevToolsPropertyDefaultsPostProcessor - For additional web related logging consider setting the 'logging.level.web' property to 'DEBUG'
15:16:57.946 [restartedMain] INFO  o.s.d.r.c.RepositoryConfigurationDelegate - Bootstrapping Spring Data JPA repositories in DEFAULT mode.
15:16:58.052 [restartedMain] INFO  o.s.d.r.c.RepositoryConfigurationDelegate - Finished Spring Data repository scanning in 90 ms. Found 2 JPA repository interfaces.
15:16:58.885 [restartedMain] INFO  o.s.b.w.e.tomcat.TomcatWebServer - Tomcat initialized with port(s): 8080 (http)
15:16:58.898 [restartedMain] INFO  o.a.coyote.http11.Http11NioProtocol - Initializing ProtocolHandler ["http-nio-8080"]
15:16:58.899 [restartedMain] INFO  o.a.catalina.core.StandardService - Starting service [Tomcat]
15:16:58.900 [restartedMain] INFO  o.a.catalina.core.StandardEngine - Starting Servlet engine: [Apache Tomcat/9.0.71]
15:16:59.009 [restartedMain] INFO  o.a.c.c.C.[Tomcat].[localhost].[/] - Initializing Spring embedded WebApplicationContext
15:16:59.009 [restartedMain] INFO  o.s.b.w.s.c.ServletWebServerApplicationContext - Root WebApplicationContext: initialization completed in 2011 ms
15:16:59.323 [restartedMain] INFO  o.h.jpa.internal.util.LogHelper - HHH000204: Processing PersistenceUnitInfo [name: default]
15:16:59.438 [restartedMain] INFO  org.hibernate.Version - HHH000412: Hibernate ORM core version 5.6.15.Final
15:16:59.616 [restartedMain] INFO  o.h.annotations.common.Version - HCANN000001: Hibernate Commons Annotations {5.1.2.Final}
15:16:59.731 [restartedMain] INFO  com.zaxxer.hikari.HikariDataSource - HikariPool-1 - Starting...
15:16:59.779 [restartedMain] INFO  com.zaxxer.hikari.HikariDataSource - HikariPool-1 - Start completed.
15:16:59.806 [restartedMain] INFO  org.hibernate.dialect.Dialect - HHH000400: Using dialect: org.hibernate.dialect.MariaDB106Dialect
15:17:00.532 [restartedMain] INFO  o.h.e.t.j.p.i.JtaPlatformInitiator - HHH000490: Using JtaPlatform implementation: [org.hibernate.engine.transaction.jta.platform.internal.NoJtaPlatform]
15:17:00.546 [restartedMain] INFO  o.s.o.j.LocalContainerEntityManagerFactoryBean - Initialized JPA EntityManagerFactory for persistence unit 'default'
15:17:01.625 [restartedMain] WARN  o.s.b.a.o.j.JpaBaseConfiguration$JpaWebConfiguration - spring.jpa.open-in-view is enabled by default. Therefore, database queries may be performed during view rendering. Explicitly configure spring.jpa.open-in-view to disable this warning
15:17:01.946 [restartedMain] WARN  o.s.s.c.a.web.builders.WebSecurity - You are asking Spring Security to ignore Ant [pattern='/favicon.ico']. This is not recommended -- please use permitAll via HttpSecurity#authorizeHttpRequests instead.
15:17:01.947 [restartedMain] INFO  o.s.s.web.DefaultSecurityFilterChain - Will not secure Ant [pattern='/favicon.ico']
15:17:01.949 [restartedMain] WARN  o.s.s.c.a.web.builders.WebSecurity - You are asking Spring Security to ignore Ant [pattern='/files/**']. This is not recommended -- please use permitAll via HttpSecurity#authorizeHttpRequests instead.
15:17:01.950 [restartedMain] INFO  o.s.s.web.DefaultSecurityFilterChain - Will not secure Ant [pattern='/files/**']
15:17:02.006 [restartedMain] INFO  o.s.s.web.DefaultSecurityFilterChain - Will secure any request with [org.springframework.security.web.session.DisableEncodeUrlFilter@20b701c1, org.springframework.security.web.context.request.async.WebAsyncManagerIntegrationFilter@9886ee5, org.springframework.security.web.context.SecurityContextPersistenceFilter@5b80262, org.springframework.security.web.header.HeaderWriterFilter@5d4e7508, org.springframework.security.web.authentication.logout.LogoutFilter@f756f06, org.springframework.security.web.authentication.UsernamePasswordAuthenticationFilter@41613880, org.springframework.security.web.authentication.www.BasicAuthenticationFilter@54db1a25, org.springframework.security.web.savedrequest.RequestCacheAwareFilter@d9c6fbe, org.springframework.security.web.servletapi.SecurityContextHolderAwareRequestFilter@50a30dd4, org.springframework.security.web.authentication.AnonymousAuthenticationFilter@50e57c3, org.springframework.security.web.session.SessionManagementFilter@312344c, org.springframework.security.web.access.ExceptionTranslationFilter@3273e977, org.springframework.security.web.access.intercept.FilterSecurityInterceptor@f7f6709]
15:17:02.217 [restartedMain] INFO  o.s.b.a.w.s.WelcomePageHandlerMapping - Adding welcome page template: index
15:17:02.470 [restartedMain] INFO  o.s.b.d.a.OptionalLiveReloadServer - LiveReload server is running on port 35729
15:17:02.493 [restartedMain] INFO  o.a.coyote.http11.Http11NioProtocol - Starting ProtocolHandler ["http-nio-8080"]
15:17:02.518 [restartedMain] INFO  o.s.b.w.e.tomcat.TomcatWebServer - Tomcat started on port(s): 8080 (http) with context path ''
15:17:02.531 [restartedMain] INFO  c.z.c.CommunityprojectApplication - Started CommunityprojectApplication in 6.294 seconds (JVM running for 7.482)
15:17:11.513 [SpringApplicationShutdownHook] INFO  o.s.o.j.LocalContainerEntityManagerFactoryBean - Closing JPA EntityManagerFactory for persistence unit 'default'
15:17:11.518 [SpringApplicationShutdownHook] INFO  com.zaxxer.hikari.HikariDataSource - HikariPool-1 - Shutdown initiated...
15:17:11.523 [SpringApplicationShutdownHook] INFO  com.zaxxer.hikari.HikariDataSource - HikariPool-1 - Shutdown completed.
15:17:16.573 [restartedMain] INFO  c.z.c.CommunityprojectApplication - Starting CommunityprojectApplication using Java 1.8.0_352 on 최의현 with PID 44556 (C:\dev\IntelliJ IDEA 2022.3.1\communityproject\build\classes\java\main started by admin in C:\dev\IntelliJ IDEA 2022.3.1\communityproject)
15:17:16.574 [restartedMain] INFO  c.z.c.CommunityprojectApplication - No active profile set, falling back to 1 default profile: "default"
15:17:16.638 [restartedMain] INFO  o.s.b.d.e.DevToolsPropertyDefaultsPostProcessor - Devtools property defaults active! Set 'spring.devtools.add-properties' to 'false' to disable
15:17:16.638 [restartedMain] INFO  o.s.b.d.e.DevToolsPropertyDefaultsPostProcessor - For additional web related logging consider setting the 'logging.level.web' property to 'DEBUG'
15:17:17.505 [restartedMain] INFO  o.s.d.r.c.RepositoryConfigurationDelegate - Bootstrapping Spring Data JPA repositories in DEFAULT mode.
15:17:17.590 [restartedMain] INFO  o.s.d.r.c.RepositoryConfigurationDelegate - Finished Spring Data repository scanning in 74 ms. Found 2 JPA repository interfaces.
15:17:18.413 [restartedMain] INFO  o.s.b.w.e.tomcat.TomcatWebServer - Tomcat initialized with port(s): 8080 (http)
15:17:18.424 [restartedMain] INFO  o.a.coyote.http11.Http11NioProtocol - Initializing ProtocolHandler ["http-nio-8080"]
15:17:18.425 [restartedMain] INFO  o.a.catalina.core.StandardService - Starting service [Tomcat]
15:17:18.425 [restartedMain] INFO  o.a.catalina.core.StandardEngine - Starting Servlet engine: [Apache Tomcat/9.0.71]
15:17:18.521 [restartedMain] INFO  o.a.c.c.C.[Tomcat].[localhost].[/] - Initializing Spring embedded WebApplicationContext
15:17:18.522 [restartedMain] INFO  o.s.b.w.s.c.ServletWebServerApplicationContext - Root WebApplicationContext: initialization completed in 1883 ms
15:17:18.763 [restartedMain] INFO  o.h.jpa.internal.util.LogHelper - HHH000204: Processing PersistenceUnitInfo [name: default]
15:17:18.867 [restartedMain] INFO  org.hibernate.Version - HHH000412: Hibernate ORM core version 5.6.15.Final
15:17:19.039 [restartedMain] INFO  o.h.annotations.common.Version - HCANN000001: Hibernate Commons Annotations {5.1.2.Final}
15:17:19.148 [restartedMain] INFO  com.zaxxer.hikari.HikariDataSource - HikariPool-1 - Starting...
15:17:19.194 [restartedMain] INFO  com.zaxxer.hikari.HikariDataSource - HikariPool-1 - Start completed.
15:17:19.220 [restartedMain] INFO  org.hibernate.dialect.Dialect - HHH000400: Using dialect: org.hibernate.dialect.MariaDB106Dialect
15:17:19.896 [restartedMain] INFO  o.h.e.t.j.p.i.JtaPlatformInitiator - HHH000490: Using JtaPlatform implementation: [org.hibernate.engine.transaction.jta.platform.internal.NoJtaPlatform]
15:17:19.910 [restartedMain] INFO  o.s.o.j.LocalContainerEntityManagerFactoryBean - Initialized JPA EntityManagerFactory for persistence unit 'default'
15:17:20.640 [restartedMain] WARN  o.s.b.a.o.j.JpaBaseConfiguration$JpaWebConfiguration - spring.jpa.open-in-view is enabled by default. Therefore, database queries may be performed during view rendering. Explicitly configure spring.jpa.open-in-view to disable this warning
15:17:20.769 [restartedMain] WARN  o.s.s.c.a.web.builders.WebSecurity - You are asking Spring Security to ignore Ant [pattern='/favicon.ico']. This is not recommended -- please use permitAll via HttpSecurity#authorizeHttpRequests instead.
15:17:20.770 [restartedMain] INFO  o.s.s.web.DefaultSecurityFilterChain - Will not secure Ant [pattern='/favicon.ico']
15:17:20.771 [restartedMain] WARN  o.s.s.c.a.web.builders.WebSecurity - You are asking Spring Security to ignore Ant [pattern='/files/**']. This is not recommended -- please use permitAll via HttpSecurity#authorizeHttpRequests instead.
15:17:20.771 [restartedMain] INFO  o.s.s.web.DefaultSecurityFilterChain - Will not secure Ant [pattern='/files/**']
15:17:20.813 [restartedMain] INFO  o.s.s.web.DefaultSecurityFilterChain - Will secure any request with [org.springframework.security.web.session.DisableEncodeUrlFilter@66c4d587, org.springframework.security.web.context.request.async.WebAsyncManagerIntegrationFilter@3e61bfe, org.springframework.security.web.context.SecurityContextPersistenceFilter@30eeb435, org.springframework.security.web.header.HeaderWriterFilter@30df9dae, org.springframework.security.web.authentication.logout.LogoutFilter@72cc941f, org.springframework.security.web.authentication.UsernamePasswordAuthenticationFilter@2fcef4a, org.springframework.security.web.authentication.www.BasicAuthenticationFilter@4115b2a0, org.springframework.security.web.savedrequest.RequestCacheAwareFilter@5bd2fc6e, org.springframework.security.web.servletapi.SecurityContextHolderAwareRequestFilter@70efadea, org.springframework.security.web.authentication.AnonymousAuthenticationFilter@6f0a2990, org.springframework.security.web.session.SessionManagementFilter@57d38835, org.springframework.security.web.access.ExceptionTranslationFilter@35086f87, org.springframework.security.web.access.intercept.FilterSecurityInterceptor@3ebc8f54]
15:17:20.998 [restartedMain] INFO  o.s.b.a.w.s.WelcomePageHandlerMapping - Adding welcome page template: index
15:17:21.261 [restartedMain] INFO  o.s.b.d.a.OptionalLiveReloadServer - LiveReload server is running on port 35729
15:17:21.286 [restartedMain] INFO  o.a.coyote.http11.Http11NioProtocol - Starting ProtocolHandler ["http-nio-8080"]
15:17:21.310 [restartedMain] INFO  o.s.b.w.e.tomcat.TomcatWebServer - Tomcat started on port(s): 8080 (http) with context path ''
15:17:21.323 [restartedMain] INFO  c.z.c.CommunityprojectApplication - Started CommunityprojectApplication in 5.336 seconds (JVM running for 6.3)
15:17:23.611 [http-nio-8080-exec-1] INFO  o.a.c.c.C.[Tomcat].[localhost].[/] - Initializing Spring DispatcherServlet 'dispatcherServlet'
15:17:23.612 [http-nio-8080-exec-1] INFO  o.s.web.servlet.DispatcherServlet - Initializing Servlet 'dispatcherServlet'
15:17:23.613 [http-nio-8080-exec-1] INFO  o.s.web.servlet.DispatcherServlet - Completed initialization in 1 ms
15:18:00.051 [SpringApplicationShutdownHook] INFO  o.s.o.j.LocalContainerEntityManagerFactoryBean - Closing JPA EntityManagerFactory for persistence unit 'default'
15:18:00.056 [SpringApplicationShutdownHook] INFO  com.zaxxer.hikari.HikariDataSource - HikariPool-1 - Shutdown initiated...
15:18:00.059 [SpringApplicationShutdownHook] INFO  com.zaxxer.hikari.HikariDataSource - HikariPool-1 - Shutdown completed.
15:18:04.738 [restartedMain] INFO  c.z.c.CommunityprojectApplication - Starting CommunityprojectApplication using Java 1.8.0_352 on 최의현 with PID 48856 (C:\dev\IntelliJ IDEA 2022.3.1\communityproject\build\classes\java\main started by admin in C:\dev\IntelliJ IDEA 2022.3.1\communityproject)
15:18:04.740 [restartedMain] INFO  c.z.c.CommunityprojectApplication - No active profile set, falling back to 1 default profile: "default"
15:18:04.809 [restartedMain] INFO  o.s.b.d.e.DevToolsPropertyDefaultsPostProcessor - Devtools property defaults active! Set 'spring.devtools.add-properties' to 'false' to disable
15:18:04.810 [restartedMain] INFO  o.s.b.d.e.DevToolsPropertyDefaultsPostProcessor - For additional web related logging consider setting the 'logging.level.web' property to 'DEBUG'
15:18:05.687 [restartedMain] INFO  o.s.d.r.c.RepositoryConfigurationDelegate - Bootstrapping Spring Data JPA repositories in DEFAULT mode.
15:18:05.775 [restartedMain] INFO  o.s.d.r.c.RepositoryConfigurationDelegate - Finished Spring Data repository scanning in 75 ms. Found 2 JPA repository interfaces.
15:18:06.515 [restartedMain] INFO  o.s.b.w.e.tomcat.TomcatWebServer - Tomcat initialized with port(s): 8080 (http)
15:18:06.527 [restartedMain] INFO  o.a.coyote.http11.Http11NioProtocol - Initializing ProtocolHandler ["http-nio-8080"]
15:18:06.528 [restartedMain] INFO  o.a.catalina.core.StandardService - Starting service [Tomcat]
15:18:06.528 [restartedMain] INFO  o.a.catalina.core.StandardEngine - Starting Servlet engine: [Apache Tomcat/9.0.71]
15:18:06.617 [restartedMain] INFO  o.a.c.c.C.[Tomcat].[localhost].[/] - Initializing Spring embedded WebApplicationContext
15:18:06.617 [restartedMain] INFO  o.s.b.w.s.c.ServletWebServerApplicationContext - Root WebApplicationContext: initialization completed in 1807 ms
15:18:06.862 [restartedMain] INFO  o.h.jpa.internal.util.LogHelper - HHH000204: Processing PersistenceUnitInfo [name: default]
15:18:06.965 [restartedMain] INFO  org.hibernate.Version - HHH000412: Hibernate ORM core version 5.6.15.Final
15:18:07.133 [restartedMain] INFO  o.h.annotations.common.Version - HCANN000001: Hibernate Commons Annotations {5.1.2.Final}
15:18:07.241 [restartedMain] INFO  com.zaxxer.hikari.HikariDataSource - HikariPool-1 - Starting...
15:18:07.286 [restartedMain] INFO  com.zaxxer.hikari.HikariDataSource - HikariPool-1 - Start completed.
15:18:07.311 [restartedMain] INFO  org.hibernate.dialect.Dialect - HHH000400: Using dialect: org.hibernate.dialect.MariaDB106Dialect
15:18:07.982 [restartedMain] INFO  o.h.e.t.j.p.i.JtaPlatformInitiator - HHH000490: Using JtaPlatform implementation: [org.hibernate.engine.transaction.jta.platform.internal.NoJtaPlatform]
15:18:07.993 [restartedMain] INFO  o.s.o.j.LocalContainerEntityManagerFactoryBean - Initialized JPA EntityManagerFactory for persistence unit 'default'
15:18:08.718 [restartedMain] WARN  o.s.b.a.o.j.JpaBaseConfiguration$JpaWebConfiguration - spring.jpa.open-in-view is enabled by default. Therefore, database queries may be performed during view rendering. Explicitly configure spring.jpa.open-in-view to disable this warning
15:18:08.844 [restartedMain] WARN  o.s.s.c.a.web.builders.WebSecurity - You are asking Spring Security to ignore Ant [pattern='/favicon.ico']. This is not recommended -- please use permitAll via HttpSecurity#authorizeHttpRequests instead.
15:18:08.845 [restartedMain] INFO  o.s.s.web.DefaultSecurityFilterChain - Will not secure Ant [pattern='/favicon.ico']
15:18:08.846 [restartedMain] WARN  o.s.s.c.a.web.builders.WebSecurity - You are asking Spring Security to ignore Ant [pattern='/files/**']. This is not recommended -- please use permitAll via HttpSecurity#authorizeHttpRequests instead.
15:18:08.846 [restartedMain] INFO  o.s.s.web.DefaultSecurityFilterChain - Will not secure Ant [pattern='/files/**']
15:18:08.891 [restartedMain] INFO  o.s.s.web.DefaultSecurityFilterChain - Will secure any request with [org.springframework.security.web.session.DisableEncodeUrlFilter@71afbdf3, org.springframework.security.web.context.request.async.WebAsyncManagerIntegrationFilter@49d30f36, org.springframework.security.web.context.SecurityContextPersistenceFilter@35086f87, org.springframework.security.web.header.HeaderWriterFilter@3f4a3f2, org.springframework.security.web.authentication.logout.LogoutFilter@4870cfe9, org.springframework.security.web.authentication.UsernamePasswordAuthenticationFilter@1382f574, org.springframework.security.web.authentication.www.BasicAuthenticationFilter@2fcef4a, org.springframework.security.web.savedrequest.RequestCacheAwareFilter@788f90cf, org.springframework.security.web.servletapi.SecurityContextHolderAwareRequestFilter@30eeb435, org.springframework.security.web.authentication.AnonymousAuthenticationFilter@2cb03ff9, org.springframework.security.web.session.SessionManagementFilter@441b4748, org.springframework.security.web.access.ExceptionTranslationFilter@89ed026, org.springframework.security.web.access.intercept.FilterSecurityInterceptor@b71a0a5]
15:18:09.081 [restartedMain] INFO  o.s.b.a.w.s.WelcomePageHandlerMapping - Adding welcome page template: index
15:18:09.320 [restartedMain] INFO  o.s.b.d.a.OptionalLiveReloadServer - LiveReload server is running on port 35729
15:18:09.344 [restartedMain] INFO  o.a.coyote.http11.Http11NioProtocol - Starting ProtocolHandler ["http-nio-8080"]
15:18:09.367 [restartedMain] INFO  o.s.b.w.e.tomcat.TomcatWebServer - Tomcat started on port(s): 8080 (http) with context path ''
15:18:09.382 [restartedMain] INFO  c.z.c.CommunityprojectApplication - Started CommunityprojectApplication in 5.259 seconds (JVM running for 6.287)
15:18:13.138 [http-nio-8080-exec-1] INFO  o.a.c.c.C.[Tomcat].[localhost].[/] - Initializing Spring DispatcherServlet 'dispatcherServlet'
15:18:13.138 [http-nio-8080-exec-1] INFO  o.s.web.servlet.DispatcherServlet - Initializing Servlet 'dispatcherServlet'
15:18:13.140 [http-nio-8080-exec-1] INFO  o.s.web.servlet.DispatcherServlet - Completed initialization in 2 ms
15:20:23.176 [SpringApplicationShutdownHook] INFO  o.s.o.j.LocalContainerEntityManagerFactoryBean - Closing JPA EntityManagerFactory for persistence unit 'default'
15:20:23.180 [SpringApplicationShutdownHook] INFO  com.zaxxer.hikari.HikariDataSource - HikariPool-1 - Shutdown initiated...
15:20:23.185 [SpringApplicationShutdownHook] INFO  com.zaxxer.hikari.HikariDataSource - HikariPool-1 - Shutdown completed.
15:20:29.121 [restartedMain] INFO  c.z.c.CommunityprojectApplication - Starting CommunityprojectApplication using Java 1.8.0_352 on 최의현 with PID 52240 (C:\dev\IntelliJ IDEA 2022.3.1\communityproject\build\classes\java\main started by admin in C:\dev\IntelliJ IDEA 2022.3.1\communityproject)
15:20:29.123 [restartedMain] INFO  c.z.c.CommunityprojectApplication - No active profile set, falling back to 1 default profile: "default"
15:20:29.182 [restartedMain] INFO  o.s.b.d.e.DevToolsPropertyDefaultsPostProcessor - Devtools property defaults active! Set 'spring.devtools.add-properties' to 'false' to disable
15:20:29.183 [restartedMain] INFO  o.s.b.d.e.DevToolsPropertyDefaultsPostProcessor - For additional web related logging consider setting the 'logging.level.web' property to 'DEBUG'
15:20:30.310 [restartedMain] INFO  o.s.d.r.c.RepositoryConfigurationDelegate - Bootstrapping Spring Data JPA repositories in DEFAULT mode.
15:20:30.398 [restartedMain] INFO  o.s.d.r.c.RepositoryConfigurationDelegate - Finished Spring Data repository scanning in 76 ms. Found 2 JPA repository interfaces.
15:20:31.235 [restartedMain] INFO  o.s.b.w.e.tomcat.TomcatWebServer - Tomcat initialized with port(s): 8080 (http)
15:20:31.348 [restartedMain] INFO  o.s.b.w.s.c.ServletWebServerApplicationContext - Root WebApplicationContext: initialization completed in 2161 ms
15:20:31.582 [restartedMain] INFO  o.h.jpa.internal.util.LogHelper - HHH000204: Processing PersistenceUnitInfo [name: default]
15:20:31.679 [restartedMain] INFO  org.hibernate.Version - HHH000412: Hibernate ORM core version 5.6.15.Final
15:20:31.863 [restartedMain] INFO  o.h.annotations.common.Version - HCANN000001: Hibernate Commons Annotations {5.1.2.Final}
15:20:31.986 [restartedMain] INFO  com.zaxxer.hikari.HikariDataSource - HikariPool-1 - Starting...
15:20:32.036 [restartedMain] INFO  com.zaxxer.hikari.HikariDataSource - HikariPool-1 - Start completed.
15:20:32.064 [restartedMain] INFO  org.hibernate.dialect.Dialect - HHH000400: Using dialect: org.hibernate.dialect.MariaDB106Dialect
15:20:32.819 [restartedMain] INFO  o.h.e.t.j.p.i.JtaPlatformInitiator - HHH000490: Using JtaPlatform implementation: [org.hibernate.engine.transaction.jta.platform.internal.NoJtaPlatform]
15:20:32.833 [restartedMain] INFO  o.s.o.j.LocalContainerEntityManagerFactoryBean - Initialized JPA EntityManagerFactory for persistence unit 'default'
15:20:33.619 [restartedMain] WARN  o.s.b.a.o.j.JpaBaseConfiguration$JpaWebConfiguration - spring.jpa.open-in-view is enabled by default. Therefore, database queries may be performed during view rendering. Explicitly configure spring.jpa.open-in-view to disable this warning
15:20:33.761 [restartedMain] WARN  o.s.s.c.a.web.builders.WebSecurity - You are asking Spring Security to ignore Ant [pattern='/favicon.ico']. This is not recommended -- please use permitAll via HttpSecurity#authorizeHttpRequests instead.
15:20:33.762 [restartedMain] INFO  o.s.s.web.DefaultSecurityFilterChain - Will not secure Ant [pattern='/favicon.ico']
15:20:33.763 [restartedMain] WARN  o.s.s.c.a.web.builders.WebSecurity - You are asking Spring Security to ignore Ant [pattern='/files/**']. This is not recommended -- please use permitAll via HttpSecurity#authorizeHttpRequests instead.
15:20:33.763 [restartedMain] INFO  o.s.s.web.DefaultSecurityFilterChain - Will not secure Ant [pattern='/files/**']
15:20:33.812 [restartedMain] INFO  o.s.s.web.DefaultSecurityFilterChain - Will secure any request with [org.springframework.security.web.session.DisableEncodeUrlFilter@1bb0ab60, org.springframework.security.web.context.request.async.WebAsyncManagerIntegrationFilter@745030a3, org.springframework.security.web.context.SecurityContextPersistenceFilter@21a1413f, org.springframework.security.web.header.HeaderWriterFilter@40e484d3, org.springframework.security.web.authentication.logout.LogoutFilter@2eb0b795, org.springframework.security.web.authentication.UsernamePasswordAuthenticationFilter@347237c4, org.springframework.security.web.authentication.www.BasicAuthenticationFilter@5e9833b, org.springframework.security.web.savedrequest.RequestCacheAwareFilter@334505c2, org.springframework.security.web.servletapi.SecurityContextHolderAwareRequestFilter@282912ad, org.springframework.security.web.authentication.AnonymousAuthenticationFilter@3de99549, org.springframework.security.web.session.SessionManagementFilter@2bb75565, org.springframework.security.web.access.ExceptionTranslationFilter@40591437, org.springframework.security.web.access.intercept.FilterSecurityInterceptor@6c5ce8f5]
15:20:34.056 [restartedMain] INFO  o.s.b.a.w.s.WelcomePageHandlerMapping - Adding welcome page template: index
15:20:34.343 [restartedMain] INFO  o.s.b.d.a.OptionalLiveReloadServer - LiveReload server is running on port 35729
15:20:34.394 [restartedMain] INFO  o.s.b.w.e.tomcat.TomcatWebServer - Tomcat started on port(s): 8080 (http) with context path ''
15:20:34.407 [restartedMain] INFO  c.z.c.CommunityprojectApplication - Started CommunityprojectApplication in 5.936 seconds (JVM running for 6.929)
15:20:34.669 [SpringApplicationShutdownHook] INFO  o.s.o.j.LocalContainerEntityManagerFactoryBean - Closing JPA EntityManagerFactory for persistence unit 'default'
15:20:34.673 [SpringApplicationShutdownHook] INFO  com.zaxxer.hikari.HikariDataSource - HikariPool-1 - Shutdown initiated...
15:20:34.676 [SpringApplicationShutdownHook] INFO  com.zaxxer.hikari.HikariDataSource - HikariPool-1 - Shutdown completed.
15:20:39.619 [restartedMain] INFO  c.z.c.CommunityprojectApplication - Starting CommunityprojectApplication using Java 1.8.0_352 on 최의현 with PID 53700 (C:\dev\IntelliJ IDEA 2022.3.1\communityproject\build\classes\java\main started by admin in C:\dev\IntelliJ IDEA 2022.3.1\communityproject)
15:20:39.621 [restartedMain] INFO  c.z.c.CommunityprojectApplication - No active profile set, falling back to 1 default profile: "default"
15:20:39.676 [restartedMain] INFO  o.s.b.d.e.DevToolsPropertyDefaultsPostProcessor - Devtools property defaults active! Set 'spring.devtools.add-properties' to 'false' to disable
15:20:39.676 [restartedMain] INFO  o.s.b.d.e.DevToolsPropertyDefaultsPostProcessor - For additional web related logging consider setting the 'logging.level.web' property to 'DEBUG'
15:20:40.563 [restartedMain] INFO  o.s.d.r.c.RepositoryConfigurationDelegate - Bootstrapping Spring Data JPA repositories in DEFAULT mode.
15:20:40.650 [restartedMain] INFO  o.s.d.r.c.RepositoryConfigurationDelegate - Finished Spring Data repository scanning in 75 ms. Found 2 JPA repository interfaces.
15:20:41.438 [restartedMain] INFO  o.s.b.w.e.tomcat.TomcatWebServer - Tomcat initialized with port(s): 8080 (http)
15:20:41.450 [restartedMain] INFO  o.a.coyote.http11.Http11NioProtocol - Initializing ProtocolHandler ["http-nio-8080"]
15:20:41.451 [restartedMain] INFO  o.a.catalina.core.StandardService - Starting service [Tomcat]
15:20:41.452 [restartedMain] INFO  o.a.catalina.core.StandardEngine - Starting Servlet engine: [Apache Tomcat/9.0.71]
15:20:41.551 [restartedMain] INFO  o.a.c.c.C.[Tomcat].[localhost].[/] - Initializing Spring embedded WebApplicationContext
15:20:41.551 [restartedMain] INFO  o.s.b.w.s.c.ServletWebServerApplicationContext - Root WebApplicationContext: initialization completed in 1874 ms
15:20:41.801 [restartedMain] INFO  o.h.jpa.internal.util.LogHelper - HHH000204: Processing PersistenceUnitInfo [name: default]
15:20:41.924 [restartedMain] INFO  org.hibernate.Version - HHH000412: Hibernate ORM core version 5.6.15.Final
15:20:42.099 [restartedMain] INFO  o.h.annotations.common.Version - HCANN000001: Hibernate Commons Annotations {5.1.2.Final}
15:20:42.211 [restartedMain] INFO  com.zaxxer.hikari.HikariDataSource - HikariPool-1 - Starting...
15:20:42.256 [restartedMain] INFO  com.zaxxer.hikari.HikariDataSource - HikariPool-1 - Start completed.
15:20:42.282 [restartedMain] INFO  org.hibernate.dialect.Dialect - HHH000400: Using dialect: org.hibernate.dialect.MariaDB106Dialect
15:20:42.946 [restartedMain] INFO  o.h.e.t.j.p.i.JtaPlatformInitiator - HHH000490: Using JtaPlatform implementation: [org.hibernate.engine.transaction.jta.platform.internal.NoJtaPlatform]
15:20:42.959 [restartedMain] INFO  o.s.o.j.LocalContainerEntityManagerFactoryBean - Initialized JPA EntityManagerFactory for persistence unit 'default'
15:20:43.687 [restartedMain] WARN  o.s.b.a.o.j.JpaBaseConfiguration$JpaWebConfiguration - spring.jpa.open-in-view is enabled by default. Therefore, database queries may be performed during view rendering. Explicitly configure spring.jpa.open-in-view to disable this warning
15:20:43.818 [restartedMain] WARN  o.s.s.c.a.web.builders.WebSecurity - You are asking Spring Security to ignore Ant [pattern='/favicon.ico']. This is not recommended -- please use permitAll via HttpSecurity#authorizeHttpRequests instead.
15:20:43.819 [restartedMain] INFO  o.s.s.web.DefaultSecurityFilterChain - Will not secure Ant [pattern='/favicon.ico']
15:20:43.820 [restartedMain] WARN  o.s.s.c.a.web.builders.WebSecurity - You are asking Spring Security to ignore Ant [pattern='/files/**']. This is not recommended -- please use permitAll via HttpSecurity#authorizeHttpRequests instead.
15:20:43.820 [restartedMain] INFO  o.s.s.web.DefaultSecurityFilterChain - Will not secure Ant [pattern='/files/**']
15:20:43.862 [restartedMain] INFO  o.s.s.web.DefaultSecurityFilterChain - Will secure any request with [org.springframework.security.web.session.DisableEncodeUrlFilter@5e266ce4, org.springframework.security.web.context.request.async.WebAsyncManagerIntegrationFilter@6e40bd3, org.springframework.security.web.context.SecurityContextPersistenceFilter@3a83c6a0, org.springframework.security.web.header.HeaderWriterFilter@3eedd7e, org.springframework.security.web.authentication.logout.LogoutFilter@1e551b7f, org.springframework.security.web.authentication.UsernamePasswordAuthenticationFilter@14fd986d, org.springframework.security.web.authentication.www.BasicAuthenticationFilter@27e84b0c, org.springframework.security.web.savedrequest.RequestCacheAwareFilter@223609b5, org.springframework.security.web.servletapi.SecurityContextHolderAwareRequestFilter@3afd41bf, org.springframework.security.web.authentication.AnonymousAuthenticationFilter@63319028, org.springframework.security.web.session.SessionManagementFilter@20832ad5, org.springframework.security.web.access.ExceptionTranslationFilter@5f1d4db8, org.springframework.security.web.access.intercept.FilterSecurityInterceptor@5a3a8441]
15:20:44.047 [restartedMain] INFO  o.s.b.a.w.s.WelcomePageHandlerMapping - Adding welcome page template: index
15:20:44.300 [restartedMain] INFO  o.s.b.d.a.OptionalLiveReloadServer - LiveReload server is running on port 35729
15:20:44.327 [restartedMain] INFO  o.a.coyote.http11.Http11NioProtocol - Starting ProtocolHandler ["http-nio-8080"]
15:20:44.353 [restartedMain] INFO  o.s.b.w.e.tomcat.TomcatWebServer - Tomcat started on port(s): 8080 (http) with context path ''
15:20:44.367 [restartedMain] INFO  c.z.c.CommunityprojectApplication - Started CommunityprojectApplication in 5.381 seconds (JVM running for 6.371)
15:20:50.878 [http-nio-8080-exec-1] INFO  o.a.c.c.C.[Tomcat].[localhost].[/] - Initializing Spring DispatcherServlet 'dispatcherServlet'
15:20:50.878 [http-nio-8080-exec-1] INFO  o.s.web.servlet.DispatcherServlet - Initializing Servlet 'dispatcherServlet'
15:20:50.879 [http-nio-8080-exec-1] INFO  o.s.web.servlet.DispatcherServlet - Completed initialization in 1 ms
15:22:45.363 [SpringApplicationShutdownHook] INFO  o.s.o.j.LocalContainerEntityManagerFactoryBean - Closing JPA EntityManagerFactory for persistence unit 'default'
15:22:45.368 [SpringApplicationShutdownHook] INFO  com.zaxxer.hikari.HikariDataSource - HikariPool-1 - Shutdown initiated...
15:22:45.372 [SpringApplicationShutdownHook] INFO  com.zaxxer.hikari.HikariDataSource - HikariPool-1 - Shutdown completed.
15:22:50.538 [restartedMain] INFO  c.z.c.CommunityprojectApplication - Starting CommunityprojectApplication using Java 1.8.0_352 on 최의현 with PID 52628 (C:\dev\IntelliJ IDEA 2022.3.1\communityproject\build\classes\java\main started by admin in C:\dev\IntelliJ IDEA 2022.3.1\communityproject)
15:22:50.540 [restartedMain] INFO  c.z.c.CommunityprojectApplication - No active profile set, falling back to 1 default profile: "default"
15:22:50.603 [restartedMain] INFO  o.s.b.d.e.DevToolsPropertyDefaultsPostProcessor - Devtools property defaults active! Set 'spring.devtools.add-properties' to 'false' to disable
15:22:50.605 [restartedMain] INFO  o.s.b.d.e.DevToolsPropertyDefaultsPostProcessor - For additional web related logging consider setting the 'logging.level.web' property to 'DEBUG'
15:22:51.453 [restartedMain] INFO  o.s.d.r.c.RepositoryConfigurationDelegate - Bootstrapping Spring Data JPA repositories in DEFAULT mode.
15:22:51.541 [restartedMain] INFO  o.s.d.r.c.RepositoryConfigurationDelegate - Finished Spring Data repository scanning in 75 ms. Found 2 JPA repository interfaces.
15:22:52.314 [restartedMain] INFO  o.s.b.w.e.tomcat.TomcatWebServer - Tomcat initialized with port(s): 8080 (http)
15:22:52.326 [restartedMain] INFO  o.a.coyote.http11.Http11NioProtocol - Initializing ProtocolHandler ["http-nio-8080"]
15:22:52.327 [restartedMain] INFO  o.a.catalina.core.StandardService - Starting service [Tomcat]
15:22:52.328 [restartedMain] INFO  o.a.catalina.core.StandardEngine - Starting Servlet engine: [Apache Tomcat/9.0.71]
15:22:52.428 [restartedMain] INFO  o.a.c.c.C.[Tomcat].[localhost].[/] - Initializing Spring embedded WebApplicationContext
15:22:52.428 [restartedMain] INFO  o.s.b.w.s.c.ServletWebServerApplicationContext - Root WebApplicationContext: initialization completed in 1822 ms
15:22:52.678 [restartedMain] INFO  o.h.jpa.internal.util.LogHelper - HHH000204: Processing PersistenceUnitInfo [name: default]
15:22:52.792 [restartedMain] INFO  org.hibernate.Version - HHH000412: Hibernate ORM core version 5.6.15.Final
15:22:52.970 [restartedMain] INFO  o.h.annotations.common.Version - HCANN000001: Hibernate Commons Annotations {5.1.2.Final}
15:22:53.088 [restartedMain] INFO  com.zaxxer.hikari.HikariDataSource - HikariPool-1 - Starting...
15:22:53.135 [restartedMain] INFO  com.zaxxer.hikari.HikariDataSource - HikariPool-1 - Start completed.
15:22:53.161 [restartedMain] INFO  org.hibernate.dialect.Dialect - HHH000400: Using dialect: org.hibernate.dialect.MariaDB106Dialect
15:22:53.838 [restartedMain] INFO  o.h.e.t.j.p.i.JtaPlatformInitiator - HHH000490: Using JtaPlatform implementation: [org.hibernate.engine.transaction.jta.platform.internal.NoJtaPlatform]
15:22:53.853 [restartedMain] INFO  o.s.o.j.LocalContainerEntityManagerFactoryBean - Initialized JPA EntityManagerFactory for persistence unit 'default'
15:22:54.566 [restartedMain] WARN  o.s.b.a.o.j.JpaBaseConfiguration$JpaWebConfiguration - spring.jpa.open-in-view is enabled by default. Therefore, database queries may be performed during view rendering. Explicitly configure spring.jpa.open-in-view to disable this warning
15:22:54.696 [restartedMain] WARN  o.s.s.c.a.web.builders.WebSecurity - You are asking Spring Security to ignore Ant [pattern='/favicon.ico']. This is not recommended -- please use permitAll via HttpSecurity#authorizeHttpRequests instead.
15:22:54.697 [restartedMain] INFO  o.s.s.web.DefaultSecurityFilterChain - Will not secure Ant [pattern='/favicon.ico']
15:22:54.698 [restartedMain] WARN  o.s.s.c.a.web.builders.WebSecurity - You are asking Spring Security to ignore Ant [pattern='/files/**']. This is not recommended -- please use permitAll via HttpSecurity#authorizeHttpRequests instead.
15:22:54.698 [restartedMain] INFO  o.s.s.web.DefaultSecurityFilterChain - Will not secure Ant [pattern='/files/**']
15:22:54.741 [restartedMain] INFO  o.s.s.web.DefaultSecurityFilterChain - Will secure any request with [org.springframework.security.web.session.DisableEncodeUrlFilter@527c4bd2, org.springframework.security.web.context.request.async.WebAsyncManagerIntegrationFilter@71afbdf3, org.springframework.security.web.context.SecurityContextPersistenceFilter@35086f87, org.springframework.security.web.header.HeaderWriterFilter@3f4a3f2, org.springframework.security.web.authentication.logout.LogoutFilter@4870cfe9, org.springframework.security.web.authentication.UsernamePasswordAuthenticationFilter@3ebc8f54, org.springframework.security.web.authentication.www.BasicAuthenticationFilter@3d80a898, org.springframework.security.web.savedrequest.RequestCacheAwareFilter@788f90cf, org.springframework.security.web.servletapi.SecurityContextHolderAwareRequestFilter@30eeb435, org.springframework.security.web.authentication.AnonymousAuthenticationFilter@49d30f36, org.springframework.security.web.session.SessionManagementFilter@441b4748, org.springframework.security.web.access.ExceptionTranslationFilter@89ed026, org.springframework.security.web.access.intercept.FilterSecurityInterceptor@f5444f4]
15:22:54.926 [restartedMain] INFO  o.s.b.a.w.s.WelcomePageHandlerMapping - Adding welcome page template: index
15:22:55.169 [restartedMain] INFO  o.s.b.d.a.OptionalLiveReloadServer - LiveReload server is running on port 35729
15:22:55.191 [restartedMain] INFO  o.a.coyote.http11.Http11NioProtocol - Starting ProtocolHandler ["http-nio-8080"]
15:22:55.215 [restartedMain] INFO  o.s.b.w.e.tomcat.TomcatWebServer - Tomcat started on port(s): 8080 (http) with context path ''
15:22:55.229 [restartedMain] INFO  c.z.c.CommunityprojectApplication - Started CommunityprojectApplication in 5.284 seconds (JVM running for 6.262)
15:22:58.183 [http-nio-8080-exec-1] INFO  o.a.c.c.C.[Tomcat].[localhost].[/] - Initializing Spring DispatcherServlet 'dispatcherServlet'
15:22:58.185 [http-nio-8080-exec-1] INFO  o.s.web.servlet.DispatcherServlet - Initializing Servlet 'dispatcherServlet'
15:22:58.186 [http-nio-8080-exec-1] INFO  o.s.web.servlet.DispatcherServlet - Completed initialization in 1 ms
15:25:15.302 [SpringApplicationShutdownHook] INFO  o.s.o.j.LocalContainerEntityManagerFactoryBean - Closing JPA EntityManagerFactory for persistence unit 'default'
15:25:15.307 [SpringApplicationShutdownHook] INFO  com.zaxxer.hikari.HikariDataSource - HikariPool-1 - Shutdown initiated...
15:25:15.311 [SpringApplicationShutdownHook] INFO  com.zaxxer.hikari.HikariDataSource - HikariPool-1 - Shutdown completed.
15:25:20.114 [restartedMain] INFO  c.z.c.CommunityprojectApplication - Starting CommunityprojectApplication using Java 1.8.0_352 on 최의현 with PID 47300 (C:\dev\IntelliJ IDEA 2022.3.1\communityproject\build\classes\java\main started by admin in C:\dev\IntelliJ IDEA 2022.3.1\communityproject)
15:25:20.126 [restartedMain] INFO  c.z.c.CommunityprojectApplication - No active profile set, falling back to 1 default profile: "default"
15:25:20.182 [restartedMain] INFO  o.s.b.d.e.DevToolsPropertyDefaultsPostProcessor - Devtools property defaults active! Set 'spring.devtools.add-properties' to 'false' to disable
15:25:20.182 [restartedMain] INFO  o.s.b.d.e.DevToolsPropertyDefaultsPostProcessor - For additional web related logging consider setting the 'logging.level.web' property to 'DEBUG'
15:25:21.059 [restartedMain] INFO  o.s.d.r.c.RepositoryConfigurationDelegate - Bootstrapping Spring Data JPA repositories in DEFAULT mode.
15:25:21.153 [restartedMain] INFO  o.s.d.r.c.RepositoryConfigurationDelegate - Finished Spring Data repository scanning in 81 ms. Found 2 JPA repository interfaces.
15:25:21.904 [restartedMain] INFO  o.s.b.w.e.tomcat.TomcatWebServer - Tomcat initialized with port(s): 8080 (http)
15:25:21.915 [restartedMain] INFO  o.a.coyote.http11.Http11NioProtocol - Initializing ProtocolHandler ["http-nio-8080"]
15:25:21.916 [restartedMain] INFO  o.a.catalina.core.StandardService - Starting service [Tomcat]
15:25:21.916 [restartedMain] INFO  o.a.catalina.core.StandardEngine - Starting Servlet engine: [Apache Tomcat/9.0.71]
15:25:22.006 [restartedMain] INFO  o.a.c.c.C.[Tomcat].[localhost].[/] - Initializing Spring embedded WebApplicationContext
15:25:22.006 [restartedMain] INFO  o.s.b.w.s.c.ServletWebServerApplicationContext - Root WebApplicationContext: initialization completed in 1823 ms
15:25:22.213 [restartedMain] INFO  o.h.jpa.internal.util.LogHelper - HHH000204: Processing PersistenceUnitInfo [name: default]
15:25:22.314 [restartedMain] INFO  org.hibernate.Version - HHH000412: Hibernate ORM core version 5.6.15.Final
15:25:22.480 [restartedMain] INFO  o.h.annotations.common.Version - HCANN000001: Hibernate Commons Annotations {5.1.2.Final}
15:25:22.608 [restartedMain] INFO  com.zaxxer.hikari.HikariDataSource - HikariPool-1 - Starting...
15:25:22.673 [restartedMain] INFO  com.zaxxer.hikari.HikariDataSource - HikariPool-1 - Start completed.
15:25:22.699 [restartedMain] INFO  org.hibernate.dialect.Dialect - HHH000400: Using dialect: org.hibernate.dialect.MariaDB106Dialect
15:25:23.410 [restartedMain] INFO  o.h.e.t.j.p.i.JtaPlatformInitiator - HHH000490: Using JtaPlatform implementation: [org.hibernate.engine.transaction.jta.platform.internal.NoJtaPlatform]
15:25:23.424 [restartedMain] INFO  o.s.o.j.LocalContainerEntityManagerFactoryBean - Initialized JPA EntityManagerFactory for persistence unit 'default'
15:25:24.169 [restartedMain] WARN  o.s.b.a.o.j.JpaBaseConfiguration$JpaWebConfiguration - spring.jpa.open-in-view is enabled by default. Therefore, database queries may be performed during view rendering. Explicitly configure spring.jpa.open-in-view to disable this warning
15:25:24.303 [restartedMain] WARN  o.s.s.c.a.web.builders.WebSecurity - You are asking Spring Security to ignore Ant [pattern='/favicon.ico']. This is not recommended -- please use permitAll via HttpSecurity#authorizeHttpRequests instead.
15:25:24.303 [restartedMain] INFO  o.s.s.web.DefaultSecurityFilterChain - Will not secure Ant [pattern='/favicon.ico']
15:25:24.305 [restartedMain] WARN  o.s.s.c.a.web.builders.WebSecurity - You are asking Spring Security to ignore Ant [pattern='/files/**']. This is not recommended -- please use permitAll via HttpSecurity#authorizeHttpRequests instead.
15:25:24.305 [restartedMain] INFO  o.s.s.web.DefaultSecurityFilterChain - Will not secure Ant [pattern='/files/**']
15:25:24.350 [restartedMain] INFO  o.s.s.web.DefaultSecurityFilterChain - Will secure any request with [org.springframework.security.web.session.DisableEncodeUrlFilter@4a0117a8, org.springframework.security.web.context.request.async.WebAsyncManagerIntegrationFilter@5891d156, org.springframework.security.web.context.SecurityContextPersistenceFilter@8443d23, org.springframework.security.web.header.HeaderWriterFilter@64e141b7, org.springframework.security.web.authentication.logout.LogoutFilter@4f431f72, org.springframework.security.web.authentication.UsernamePasswordAuthenticationFilter@5d474cf8, org.springframework.security.web.authentication.www.BasicAuthenticationFilter@5f01b9cd, org.springframework.security.web.savedrequest.RequestCacheAwareFilter@58100576, org.springframework.security.web.servletapi.SecurityContextHolderAwareRequestFilter@77d2311b, org.springframework.security.web.authentication.AnonymousAuthenticationFilter@a0cc458, org.springframework.security.web.session.SessionManagementFilter@2322811b, org.springframework.security.web.access.ExceptionTranslationFilter@2ae2336a, org.springframework.security.web.access.intercept.FilterSecurityInterceptor@5659bad3]
15:25:24.534 [restartedMain] INFO  o.s.b.a.w.s.WelcomePageHandlerMapping - Adding welcome page template: index
15:25:24.773 [restartedMain] INFO  o.s.b.d.a.OptionalLiveReloadServer - LiveReload server is running on port 35729
15:25:24.797 [restartedMain] INFO  o.a.coyote.http11.Http11NioProtocol - Starting ProtocolHandler ["http-nio-8080"]
15:25:24.820 [restartedMain] INFO  o.s.b.w.e.tomcat.TomcatWebServer - Tomcat started on port(s): 8080 (http) with context path ''
15:25:24.833 [restartedMain] INFO  c.z.c.CommunityprojectApplication - Started CommunityprojectApplication in 5.334 seconds (JVM running for 6.338)
15:25:29.261 [http-nio-8080-exec-1] INFO  o.a.c.c.C.[Tomcat].[localhost].[/] - Initializing Spring DispatcherServlet 'dispatcherServlet'
15:25:29.262 [http-nio-8080-exec-1] INFO  o.s.web.servlet.DispatcherServlet - Initializing Servlet 'dispatcherServlet'
15:25:29.263 [http-nio-8080-exec-1] INFO  o.s.web.servlet.DispatcherServlet - Completed initialization in 1 ms
15:49:47.998 [SpringApplicationShutdownHook] INFO  o.s.o.j.LocalContainerEntityManagerFactoryBean - Closing JPA EntityManagerFactory for persistence unit 'default'
15:49:48.004 [SpringApplicationShutdownHook] INFO  com.zaxxer.hikari.HikariDataSource - HikariPool-1 - Shutdown initiated...
15:49:48.009 [SpringApplicationShutdownHook] INFO  com.zaxxer.hikari.HikariDataSource - HikariPool-1 - Shutdown completed.
15:49:54.004 [restartedMain] INFO  c.z.c.CommunityprojectApplication - Starting CommunityprojectApplication using Java 1.8.0_352 on 최의현 with PID 51216 (C:\dev\IntelliJ IDEA 2022.3.1\communityproject\build\classes\java\main started by admin in C:\dev\IntelliJ IDEA 2022.3.1\communityproject)
15:49:54.005 [restartedMain] INFO  c.z.c.CommunityprojectApplication - No active profile set, falling back to 1 default profile: "default"
15:49:54.069 [restartedMain] INFO  o.s.b.d.e.DevToolsPropertyDefaultsPostProcessor - Devtools property defaults active! Set 'spring.devtools.add-properties' to 'false' to disable
15:49:54.069 [restartedMain] INFO  o.s.b.d.e.DevToolsPropertyDefaultsPostProcessor - For additional web related logging consider setting the 'logging.level.web' property to 'DEBUG'
15:49:54.964 [restartedMain] INFO  o.s.d.r.c.RepositoryConfigurationDelegate - Bootstrapping Spring Data JPA repositories in DEFAULT mode.
15:49:55.046 [restartedMain] INFO  o.s.d.r.c.RepositoryConfigurationDelegate - Finished Spring Data repository scanning in 74 ms. Found 2 JPA repository interfaces.
15:49:55.864 [restartedMain] INFO  o.s.b.w.e.tomcat.TomcatWebServer - Tomcat initialized with port(s): 8080 (http)
15:49:55.874 [restartedMain] INFO  o.a.coyote.http11.Http11NioProtocol - Initializing ProtocolHandler ["http-nio-8080"]
15:49:55.874 [restartedMain] INFO  o.a.catalina.core.StandardService - Starting service [Tomcat]
15:49:55.874 [restartedMain] INFO  o.a.catalina.core.StandardEngine - Starting Servlet engine: [Apache Tomcat/9.0.71]
15:49:55.976 [restartedMain] INFO  o.a.c.c.C.[Tomcat].[localhost].[/] - Initializing Spring embedded WebApplicationContext
15:49:55.976 [restartedMain] INFO  o.s.b.w.s.c.ServletWebServerApplicationContext - Root WebApplicationContext: initialization completed in 1906 ms
15:49:56.237 [restartedMain] INFO  o.h.jpa.internal.util.LogHelper - HHH000204: Processing PersistenceUnitInfo [name: default]
15:49:56.358 [restartedMain] INFO  org.hibernate.Version - HHH000412: Hibernate ORM core version 5.6.15.Final
15:49:56.580 [restartedMain] INFO  o.h.annotations.common.Version - HCANN000001: Hibernate Commons Annotations {5.1.2.Final}
15:49:56.727 [restartedMain] INFO  com.zaxxer.hikari.HikariDataSource - HikariPool-1 - Starting...
15:49:56.786 [restartedMain] INFO  com.zaxxer.hikari.HikariDataSource - HikariPool-1 - Start completed.
15:49:56.816 [restartedMain] INFO  org.hibernate.dialect.Dialect - HHH000400: Using dialect: org.hibernate.dialect.MariaDB106Dialect
15:49:57.616 [restartedMain] INFO  o.h.e.t.j.p.i.JtaPlatformInitiator - HHH000490: Using JtaPlatform implementation: [org.hibernate.engine.transaction.jta.platform.internal.NoJtaPlatform]
15:49:57.634 [restartedMain] INFO  o.s.o.j.LocalContainerEntityManagerFactoryBean - Initialized JPA EntityManagerFactory for persistence unit 'default'
15:49:58.386 [restartedMain] WARN  o.s.b.a.o.j.JpaBaseConfiguration$JpaWebConfiguration - spring.jpa.open-in-view is enabled by default. Therefore, database queries may be performed during view rendering. Explicitly configure spring.jpa.open-in-view to disable this warning
15:49:58.518 [restartedMain] WARN  o.s.s.c.a.web.builders.WebSecurity - You are asking Spring Security to ignore Ant [pattern='/favicon.ico']. This is not recommended -- please use permitAll via HttpSecurity#authorizeHttpRequests instead.
15:49:58.518 [restartedMain] INFO  o.s.s.web.DefaultSecurityFilterChain - Will not secure Ant [pattern='/favicon.ico']
15:49:58.518 [restartedMain] WARN  o.s.s.c.a.web.builders.WebSecurity - You are asking Spring Security to ignore Ant [pattern='/files/**']. This is not recommended -- please use permitAll via HttpSecurity#authorizeHttpRequests instead.
15:49:58.524 [restartedMain] INFO  o.s.s.web.DefaultSecurityFilterChain - Will not secure Ant [pattern='/files/**']
15:49:58.564 [restartedMain] INFO  o.s.s.web.DefaultSecurityFilterChain - Will secure any request with [org.springframework.security.web.session.DisableEncodeUrlFilter@6c77128c, org.springframework.security.web.context.request.async.WebAsyncManagerIntegrationFilter@66c4d587, org.springframework.security.web.context.SecurityContextPersistenceFilter@7c1074f4, org.springframework.security.web.header.HeaderWriterFilter@46ddb6a5, org.springframework.security.web.authentication.logout.LogoutFilter@634e43b5, org.springframework.security.web.authentication.UsernamePasswordAuthenticationFilter@3d80a898, org.springframework.security.web.authentication.www.BasicAuthenticationFilter@106ea524, org.springframework.security.web.savedrequest.RequestCacheAwareFilter@108b5c6a, org.springframework.security.web.servletapi.SecurityContextHolderAwareRequestFilter@170480a7, org.springframework.security.web.authentication.AnonymousAuthenticationFilter@3e61bfe, org.springframework.security.web.session.SessionManagementFilter@53de6369, org.springframework.security.web.access.ExceptionTranslationFilter@13c5b53e, org.springframework.security.web.access.intercept.FilterSecurityInterceptor@2b68540]
15:49:58.753 [restartedMain] INFO  o.s.b.a.w.s.WelcomePageHandlerMapping - Adding welcome page template: index
15:49:58.992 [restartedMain] INFO  o.s.b.d.a.OptionalLiveReloadServer - LiveReload server is running on port 35729
15:49:59.017 [restartedMain] INFO  o.a.coyote.http11.Http11NioProtocol - Starting ProtocolHandler ["http-nio-8080"]
15:49:59.044 [restartedMain] INFO  o.s.b.w.e.tomcat.TomcatWebServer - Tomcat started on port(s): 8080 (http) with context path ''
15:49:59.058 [restartedMain] INFO  c.z.c.CommunityprojectApplication - Started CommunityprojectApplication in 5.662 seconds (JVM running for 6.633)
15:49:59.964 [http-nio-8080-exec-1] INFO  o.a.c.c.C.[Tomcat].[localhost].[/] - Initializing Spring DispatcherServlet 'dispatcherServlet'
15:49:59.964 [http-nio-8080-exec-1] INFO  o.s.web.servlet.DispatcherServlet - Initializing Servlet 'dispatcherServlet'
15:49:59.967 [http-nio-8080-exec-1] INFO  o.s.web.servlet.DispatcherServlet - Completed initialization in 3 ms
15:52:17.421 [SpringApplicationShutdownHook] INFO  o.s.o.j.LocalContainerEntityManagerFactoryBean - Closing JPA EntityManagerFactory for persistence unit 'default'
15:52:17.425 [SpringApplicationShutdownHook] INFO  com.zaxxer.hikari.HikariDataSource - HikariPool-1 - Shutdown initiated...
15:52:17.430 [SpringApplicationShutdownHook] INFO  com.zaxxer.hikari.HikariDataSource - HikariPool-1 - Shutdown completed.
15:52:23.031 [restartedMain] INFO  c.z.c.CommunityprojectApplication - Starting CommunityprojectApplication using Java 1.8.0_352 on 최의현 with PID 54304 (C:\dev\IntelliJ IDEA 2022.3.1\communityproject\build\classes\java\main started by admin in C:\dev\IntelliJ IDEA 2022.3.1\communityproject)
15:52:23.042 [restartedMain] INFO  c.z.c.CommunityprojectApplication - No active profile set, falling back to 1 default profile: "default"
15:52:23.098 [restartedMain] INFO  o.s.b.d.e.DevToolsPropertyDefaultsPostProcessor - Devtools property defaults active! Set 'spring.devtools.add-properties' to 'false' to disable
15:52:23.099 [restartedMain] INFO  o.s.b.d.e.DevToolsPropertyDefaultsPostProcessor - For additional web related logging consider setting the 'logging.level.web' property to 'DEBUG'
15:52:23.967 [restartedMain] INFO  o.s.d.r.c.RepositoryConfigurationDelegate - Bootstrapping Spring Data JPA repositories in DEFAULT mode.
15:52:24.055 [restartedMain] INFO  o.s.d.r.c.RepositoryConfigurationDelegate - Finished Spring Data repository scanning in 75 ms. Found 2 JPA repository interfaces.
15:52:24.817 [restartedMain] INFO  o.s.b.w.e.tomcat.TomcatWebServer - Tomcat initialized with port(s): 8080 (http)
15:52:24.829 [restartedMain] INFO  o.a.coyote.http11.Http11NioProtocol - Initializing ProtocolHandler ["http-nio-8080"]
15:52:24.830 [restartedMain] INFO  o.a.catalina.core.StandardService - Starting service [Tomcat]
15:52:24.830 [restartedMain] INFO  o.a.catalina.core.StandardEngine - Starting Servlet engine: [Apache Tomcat/9.0.71]
15:52:24.929 [restartedMain] INFO  o.a.c.c.C.[Tomcat].[localhost].[/] - Initializing Spring embedded WebApplicationContext
15:52:24.929 [restartedMain] INFO  o.s.b.w.s.c.ServletWebServerApplicationContext - Root WebApplicationContext: initialization completed in 1830 ms
15:52:25.166 [restartedMain] INFO  o.h.jpa.internal.util.LogHelper - HHH000204: Processing PersistenceUnitInfo [name: default]
15:52:25.270 [restartedMain] INFO  org.hibernate.Version - HHH000412: Hibernate ORM core version 5.6.15.Final
15:52:25.449 [restartedMain] INFO  o.h.annotations.common.Version - HCANN000001: Hibernate Commons Annotations {5.1.2.Final}
15:52:25.572 [restartedMain] INFO  com.zaxxer.hikari.HikariDataSource - HikariPool-1 - Starting...
15:52:25.619 [restartedMain] INFO  com.zaxxer.hikari.HikariDataSource - HikariPool-1 - Start completed.
15:52:25.646 [restartedMain] INFO  org.hibernate.dialect.Dialect - HHH000400: Using dialect: org.hibernate.dialect.MariaDB106Dialect
15:52:26.334 [restartedMain] INFO  o.h.e.t.j.p.i.JtaPlatformInitiator - HHH000490: Using JtaPlatform implementation: [org.hibernate.engine.transaction.jta.platform.internal.NoJtaPlatform]
15:52:26.348 [restartedMain] INFO  o.s.o.j.LocalContainerEntityManagerFactoryBean - Initialized JPA EntityManagerFactory for persistence unit 'default'
15:52:27.086 [restartedMain] WARN  o.s.b.a.o.j.JpaBaseConfiguration$JpaWebConfiguration - spring.jpa.open-in-view is enabled by default. Therefore, database queries may be performed during view rendering. Explicitly configure spring.jpa.open-in-view to disable this warning
15:52:27.233 [restartedMain] WARN  o.s.s.c.a.web.builders.WebSecurity - You are asking Spring Security to ignore Ant [pattern='/favicon.ico']. This is not recommended -- please use permitAll via HttpSecurity#authorizeHttpRequests instead.
15:52:27.234 [restartedMain] INFO  o.s.s.web.DefaultSecurityFilterChain - Will not secure Ant [pattern='/favicon.ico']
15:52:27.234 [restartedMain] WARN  o.s.s.c.a.web.builders.WebSecurity - You are asking Spring Security to ignore Ant [pattern='/files/**']. This is not recommended -- please use permitAll via HttpSecurity#authorizeHttpRequests instead.
15:52:27.235 [restartedMain] INFO  o.s.s.web.DefaultSecurityFilterChain - Will not secure Ant [pattern='/files/**']
15:52:27.276 [restartedMain] INFO  o.s.s.web.DefaultSecurityFilterChain - Will secure any request with [org.springframework.security.web.session.DisableEncodeUrlFilter@6f96b265, org.springframework.security.web.context.request.async.WebAsyncManagerIntegrationFilter@4aff7444, org.springframework.security.web.context.SecurityContextPersistenceFilter@741feef6, org.springframework.security.web.header.HeaderWriterFilter@49721fbb, org.springframework.security.web.authentication.logout.LogoutFilter@39ebb857, org.springframework.security.web.authentication.UsernamePasswordAuthenticationFilter@484a7fa1, org.springframework.security.web.authentication.www.BasicAuthenticationFilter@5f632dc5, org.springframework.security.web.savedrequest.RequestCacheAwareFilter@40e484d3, org.springframework.security.web.servletapi.SecurityContextHolderAwareRequestFilter@334505c2, org.springframework.security.web.authentication.AnonymousAuthenticationFilter@c3475db, org.springframework.security.web.session.SessionManagementFilter@40591437, org.springframework.security.web.access.ExceptionTranslationFilter@9ba9754, org.springframework.security.web.access.intercept.FilterSecurityInterceptor@54872073]
15:52:27.461 [restartedMain] INFO  o.s.b.a.w.s.WelcomePageHandlerMapping - Adding welcome page template: index
15:52:27.699 [restartedMain] INFO  o.s.b.d.a.OptionalLiveReloadServer - LiveReload server is running on port 35729
15:52:27.722 [restartedMain] INFO  o.a.coyote.http11.Http11NioProtocol - Starting ProtocolHandler ["http-nio-8080"]
15:52:27.746 [restartedMain] INFO  o.s.b.w.e.tomcat.TomcatWebServer - Tomcat started on port(s): 8080 (http) with context path ''
15:52:27.759 [restartedMain] INFO  c.z.c.CommunityprojectApplication - Started CommunityprojectApplication in 5.357 seconds (JVM running for 6.339)
15:53:04.808 [http-nio-8080-exec-1] INFO  o.a.c.c.C.[Tomcat].[localhost].[/] - Initializing Spring DispatcherServlet 'dispatcherServlet'
15:53:04.808 [http-nio-8080-exec-1] INFO  o.s.web.servlet.DispatcherServlet - Initializing Servlet 'dispatcherServlet'
15:53:04.809 [http-nio-8080-exec-1] INFO  o.s.web.servlet.DispatcherServlet - Completed initialization in 1 ms
15:57:11.644 [SpringApplicationShutdownHook] INFO  o.s.o.j.LocalContainerEntityManagerFactoryBean - Closing JPA EntityManagerFactory for persistence unit 'default'
15:57:11.649 [SpringApplicationShutdownHook] INFO  com.zaxxer.hikari.HikariDataSource - HikariPool-1 - Shutdown initiated...
15:57:11.653 [SpringApplicationShutdownHook] INFO  com.zaxxer.hikari.HikariDataSource - HikariPool-1 - Shutdown completed.
15:57:16.621 [restartedMain] INFO  c.z.c.CommunityprojectApplication - Starting CommunityprojectApplication using Java 1.8.0_352 on 최의현 with PID 57616 (C:\dev\IntelliJ IDEA 2022.3.1\communityproject\build\classes\java\main started by admin in C:\dev\IntelliJ IDEA 2022.3.1\communityproject)
15:57:16.631 [restartedMain] INFO  c.z.c.CommunityprojectApplication - No active profile set, falling back to 1 default profile: "default"
15:57:16.701 [restartedMain] INFO  o.s.b.d.e.DevToolsPropertyDefaultsPostProcessor - Devtools property defaults active! Set 'spring.devtools.add-properties' to 'false' to disable
15:57:16.702 [restartedMain] INFO  o.s.b.d.e.DevToolsPropertyDefaultsPostProcessor - For additional web related logging consider setting the 'logging.level.web' property to 'DEBUG'
15:57:17.547 [restartedMain] INFO  o.s.d.r.c.RepositoryConfigurationDelegate - Bootstrapping Spring Data JPA repositories in DEFAULT mode.
15:57:17.633 [restartedMain] INFO  o.s.d.r.c.RepositoryConfigurationDelegate - Finished Spring Data repository scanning in 75 ms. Found 2 JPA repository interfaces.
15:57:18.376 [restartedMain] INFO  o.s.b.w.e.tomcat.TomcatWebServer - Tomcat initialized with port(s): 8080 (http)
15:57:18.387 [restartedMain] INFO  o.a.coyote.http11.Http11NioProtocol - Initializing ProtocolHandler ["http-nio-8080"]
15:57:18.389 [restartedMain] INFO  o.a.catalina.core.StandardService - Starting service [Tomcat]
15:57:18.389 [restartedMain] INFO  o.a.catalina.core.StandardEngine - Starting Servlet engine: [Apache Tomcat/9.0.71]
15:57:18.488 [restartedMain] INFO  o.a.c.c.C.[Tomcat].[localhost].[/] - Initializing Spring embedded WebApplicationContext
15:57:18.488 [restartedMain] INFO  o.s.b.w.s.c.ServletWebServerApplicationContext - Root WebApplicationContext: initialization completed in 1786 ms
15:57:18.733 [restartedMain] INFO  o.h.jpa.internal.util.LogHelper - HHH000204: Processing PersistenceUnitInfo [name: default]
15:57:18.832 [restartedMain] INFO  org.hibernate.Version - HHH000412: Hibernate ORM core version 5.6.15.Final
15:57:19.004 [restartedMain] INFO  o.h.annotations.common.Version - HCANN000001: Hibernate Commons Annotations {5.1.2.Final}
15:57:19.127 [restartedMain] INFO  com.zaxxer.hikari.HikariDataSource - HikariPool-1 - Starting...
15:57:19.179 [restartedMain] INFO  com.zaxxer.hikari.HikariDataSource - HikariPool-1 - Start completed.
15:57:19.206 [restartedMain] INFO  org.hibernate.dialect.Dialect - HHH000400: Using dialect: org.hibernate.dialect.MariaDB106Dialect
15:57:19.897 [restartedMain] INFO  o.h.e.t.j.p.i.JtaPlatformInitiator - HHH000490: Using JtaPlatform implementation: [org.hibernate.engine.transaction.jta.platform.internal.NoJtaPlatform]
15:57:19.910 [restartedMain] INFO  o.s.o.j.LocalContainerEntityManagerFactoryBean - Initialized JPA EntityManagerFactory for persistence unit 'default'
15:57:20.678 [restartedMain] WARN  o.s.b.a.o.j.JpaBaseConfiguration$JpaWebConfiguration - spring.jpa.open-in-view is enabled by default. Therefore, database queries may be performed during view rendering. Explicitly configure spring.jpa.open-in-view to disable this warning
15:57:20.819 [restartedMain] WARN  o.s.s.c.a.web.builders.WebSecurity - You are asking Spring Security to ignore Ant [pattern='/favicon.ico']. This is not recommended -- please use permitAll via HttpSecurity#authorizeHttpRequests instead.
15:57:20.820 [restartedMain] INFO  o.s.s.web.DefaultSecurityFilterChain - Will not secure Ant [pattern='/favicon.ico']
15:57:20.820 [restartedMain] WARN  o.s.s.c.a.web.builders.WebSecurity - You are asking Spring Security to ignore Ant [pattern='/files/**']. This is not recommended -- please use permitAll via HttpSecurity#authorizeHttpRequests instead.
15:57:20.820 [restartedMain] INFO  o.s.s.web.DefaultSecurityFilterChain - Will not secure Ant [pattern='/files/**']
15:57:20.865 [restartedMain] INFO  o.s.s.web.DefaultSecurityFilterChain - Will secure any request with [org.springframework.security.web.session.DisableEncodeUrlFilter@3d80a898, org.springframework.security.web.context.request.async.WebAsyncManagerIntegrationFilter@2fcef4a, org.springframework.security.web.context.SecurityContextPersistenceFilter@441b4748, org.springframework.security.web.header.HeaderWriterFilter@3f3c6a47, org.springframework.security.web.authentication.logout.LogoutFilter@62c5a89d, org.springframework.security.web.authentication.UsernamePasswordAuthenticationFilter@6798e20c, org.springframework.security.web.authentication.www.BasicAuthenticationFilter@5b316c33, org.springframework.security.web.savedrequest.RequestCacheAwareFilter@35086f87, org.springframework.security.web.servletapi.SecurityContextHolderAwareRequestFilter@57d38835, org.springframework.security.web.authentication.AnonymousAuthenticationFilter@527c4bd2, org.springframework.security.web.session.SessionManagementFilter@3f4a3f2, org.springframework.security.web.access.ExceptionTranslationFilter@52e28e85, org.springframework.security.web.access.intercept.FilterSecurityInterceptor@7b62589]
15:57:21.061 [restartedMain] INFO  o.s.b.a.w.s.WelcomePageHandlerMapping - Adding welcome page template: index
15:57:21.325 [restartedMain] INFO  o.s.b.d.a.OptionalLiveReloadServer - LiveReload server is running on port 35729
15:57:21.348 [restartedMain] INFO  o.a.coyote.http11.Http11NioProtocol - Starting ProtocolHandler ["http-nio-8080"]
15:57:21.372 [restartedMain] INFO  o.s.b.w.e.tomcat.TomcatWebServer - Tomcat started on port(s): 8080 (http) with context path ''
15:57:21.387 [restartedMain] INFO  c.z.c.CommunityprojectApplication - Started CommunityprojectApplication in 5.361 seconds (JVM running for 6.38)
15:57:24.166 [http-nio-8080-exec-1] INFO  o.a.c.c.C.[Tomcat].[localhost].[/] - Initializing Spring DispatcherServlet 'dispatcherServlet'
15:57:24.167 [http-nio-8080-exec-1] INFO  o.s.web.servlet.DispatcherServlet - Initializing Servlet 'dispatcherServlet'
15:57:24.169 [http-nio-8080-exec-1] INFO  o.s.web.servlet.DispatcherServlet - Completed initialization in 2 ms
16:03:45.836 [SpringApplicationShutdownHook] INFO  o.s.o.j.LocalContainerEntityManagerFactoryBean - Closing JPA EntityManagerFactory for persistence unit 'default'
16:03:45.840 [SpringApplicationShutdownHook] INFO  com.zaxxer.hikari.HikariDataSource - HikariPool-1 - Shutdown initiated...
16:03:45.844 [SpringApplicationShutdownHook] INFO  com.zaxxer.hikari.HikariDataSource - HikariPool-1 - Shutdown completed.
16:03:52.214 [restartedMain] INFO  c.z.c.CommunityprojectApplication - Starting CommunityprojectApplication using Java 1.8.0_352 on 최의현 with PID 48096 (C:\dev\IntelliJ IDEA 2022.3.1\communityproject\build\classes\java\main started by admin in C:\dev\IntelliJ IDEA 2022.3.1\communityproject)
16:03:52.223 [restartedMain] INFO  c.z.c.CommunityprojectApplication - No active profile set, falling back to 1 default profile: "default"
16:03:52.277 [restartedMain] INFO  o.s.b.d.e.DevToolsPropertyDefaultsPostProcessor - Devtools property defaults active! Set 'spring.devtools.add-properties' to 'false' to disable
16:03:52.277 [restartedMain] INFO  o.s.b.d.e.DevToolsPropertyDefaultsPostProcessor - For additional web related logging consider setting the 'logging.level.web' property to 'DEBUG'
16:03:53.094 [restartedMain] INFO  o.s.d.r.c.RepositoryConfigurationDelegate - Bootstrapping Spring Data JPA repositories in DEFAULT mode.
16:03:53.179 [restartedMain] INFO  o.s.d.r.c.RepositoryConfigurationDelegate - Finished Spring Data repository scanning in 73 ms. Found 2 JPA repository interfaces.
16:03:53.910 [restartedMain] INFO  o.s.b.w.e.tomcat.TomcatWebServer - Tomcat initialized with port(s): 8080 (http)
16:03:53.921 [restartedMain] INFO  o.a.coyote.http11.Http11NioProtocol - Initializing ProtocolHandler ["http-nio-8080"]
16:03:53.922 [restartedMain] INFO  o.a.catalina.core.StandardService - Starting service [Tomcat]
16:03:53.923 [restartedMain] INFO  o.a.catalina.core.StandardEngine - Starting Servlet engine: [Apache Tomcat/9.0.71]
16:03:54.022 [restartedMain] INFO  o.a.c.c.C.[Tomcat].[localhost].[/] - Initializing Spring embedded WebApplicationContext
16:03:54.022 [restartedMain] INFO  o.s.b.w.s.c.ServletWebServerApplicationContext - Root WebApplicationContext: initialization completed in 1744 ms
16:03:54.227 [restartedMain] INFO  o.h.jpa.internal.util.LogHelper - HHH000204: Processing PersistenceUnitInfo [name: default]
16:03:54.333 [restartedMain] INFO  org.hibernate.Version - HHH000412: Hibernate ORM core version 5.6.15.Final
16:03:54.498 [restartedMain] INFO  o.h.annotations.common.Version - HCANN000001: Hibernate Commons Annotations {5.1.2.Final}
16:03:54.608 [restartedMain] INFO  com.zaxxer.hikari.HikariDataSource - HikariPool-1 - Starting...
16:03:54.653 [restartedMain] INFO  com.zaxxer.hikari.HikariDataSource - HikariPool-1 - Start completed.
16:03:54.678 [restartedMain] INFO  org.hibernate.dialect.Dialect - HHH000400: Using dialect: org.hibernate.dialect.MariaDB106Dialect
16:03:55.339 [restartedMain] INFO  o.h.e.t.j.p.i.JtaPlatformInitiator - HHH000490: Using JtaPlatform implementation: [org.hibernate.engine.transaction.jta.platform.internal.NoJtaPlatform]
16:03:55.351 [restartedMain] INFO  o.s.o.j.LocalContainerEntityManagerFactoryBean - Initialized JPA EntityManagerFactory for persistence unit 'default'
16:03:56.088 [restartedMain] WARN  o.s.b.a.o.j.JpaBaseConfiguration$JpaWebConfiguration - spring.jpa.open-in-view is enabled by default. Therefore, database queries may be performed during view rendering. Explicitly configure spring.jpa.open-in-view to disable this warning
16:03:56.234 [restartedMain] WARN  o.s.s.c.a.web.builders.WebSecurity - You are asking Spring Security to ignore Ant [pattern='/favicon.ico']. This is not recommended -- please use permitAll via HttpSecurity#authorizeHttpRequests instead.
16:03:56.235 [restartedMain] INFO  o.s.s.web.DefaultSecurityFilterChain - Will not secure Ant [pattern='/favicon.ico']
16:03:56.235 [restartedMain] WARN  o.s.s.c.a.web.builders.WebSecurity - You are asking Spring Security to ignore Ant [pattern='/files/**']. This is not recommended -- please use permitAll via HttpSecurity#authorizeHttpRequests instead.
16:03:56.236 [restartedMain] INFO  o.s.s.web.DefaultSecurityFilterChain - Will not secure Ant [pattern='/files/**']
16:03:56.284 [restartedMain] INFO  o.s.s.web.DefaultSecurityFilterChain - Will secure any request with [org.springframework.security.web.session.DisableEncodeUrlFilter@a0cc458, org.springframework.security.web.context.request.async.WebAsyncManagerIntegrationFilter@7706656f, org.springframework.security.web.context.SecurityContextPersistenceFilter@58100576, org.springframework.security.web.header.HeaderWriterFilter@2322811b, org.springframework.security.web.authentication.logout.LogoutFilter@210d580d, org.springframework.security.web.authentication.UsernamePasswordAuthenticationFilter@54d3efeb, org.springframework.security.web.authentication.www.BasicAuthenticationFilter@4a0117a8, org.springframework.security.web.savedrequest.RequestCacheAwareFilter@26a068af, org.springframework.security.web.servletapi.SecurityContextHolderAwareRequestFilter@33a17745, org.springframework.security.web.authentication.AnonymousAuthenticationFilter@35f89070, org.springframework.security.web.session.SessionManagementFilter@8443d23, org.springframework.security.web.access.ExceptionTranslationFilter@42160c04, org.springframework.security.web.access.intercept.FilterSecurityInterceptor@11f6aaf6]
16:03:56.487 [restartedMain] INFO  o.s.b.a.w.s.WelcomePageHandlerMapping - Adding welcome page template: index
16:03:56.746 [restartedMain] INFO  o.s.b.d.a.OptionalLiveReloadServer - LiveReload server is running on port 35729
16:03:56.770 [restartedMain] INFO  o.a.coyote.http11.Http11NioProtocol - Starting ProtocolHandler ["http-nio-8080"]
16:03:56.796 [restartedMain] INFO  o.s.b.w.e.tomcat.TomcatWebServer - Tomcat started on port(s): 8080 (http) with context path ''
16:03:56.809 [restartedMain] INFO  c.z.c.CommunityprojectApplication - Started CommunityprojectApplication in 5.179 seconds (JVM running for 6.143)
16:03:59.053 [http-nio-8080-exec-1] INFO  o.a.c.c.C.[Tomcat].[localhost].[/] - Initializing Spring DispatcherServlet 'dispatcherServlet'
16:03:59.054 [http-nio-8080-exec-1] INFO  o.s.web.servlet.DispatcherServlet - Initializing Servlet 'dispatcherServlet'
16:03:59.055 [http-nio-8080-exec-1] INFO  o.s.web.servlet.DispatcherServlet - Completed initialization in 1 ms
16:22:06.962 [SpringApplicationShutdownHook] INFO  o.s.o.j.LocalContainerEntityManagerFactoryBean - Closing JPA EntityManagerFactory for persistence unit 'default'
16:22:06.967 [SpringApplicationShutdownHook] INFO  com.zaxxer.hikari.HikariDataSource - HikariPool-1 - Shutdown initiated...
16:22:06.972 [SpringApplicationShutdownHook] INFO  com.zaxxer.hikari.HikariDataSource - HikariPool-1 - Shutdown completed.
16:22:10.488 [restartedMain] INFO  c.z.c.CommunityprojectApplication - Starting CommunityprojectApplication using Java 1.8.0_352 on 최의현 with PID 58692 (C:\dev\IntelliJ IDEA 2022.3.1\communityproject\build\classes\java\main started by admin in C:\dev\IntelliJ IDEA 2022.3.1\communityproject)
16:22:10.490 [restartedMain] INFO  c.z.c.CommunityprojectApplication - No active profile set, falling back to 1 default profile: "default"
16:22:10.553 [restartedMain] INFO  o.s.b.d.e.DevToolsPropertyDefaultsPostProcessor - Devtools property defaults active! Set 'spring.devtools.add-properties' to 'false' to disable
16:22:10.553 [restartedMain] INFO  o.s.b.d.e.DevToolsPropertyDefaultsPostProcessor - For additional web related logging consider setting the 'logging.level.web' property to 'DEBUG'
16:22:11.423 [restartedMain] INFO  o.s.d.r.c.RepositoryConfigurationDelegate - Bootstrapping Spring Data JPA repositories in DEFAULT mode.
16:22:11.515 [restartedMain] INFO  o.s.d.r.c.RepositoryConfigurationDelegate - Finished Spring Data repository scanning in 80 ms. Found 2 JPA repository interfaces.
16:22:12.283 [restartedMain] INFO  o.s.b.w.e.tomcat.TomcatWebServer - Tomcat initialized with port(s): 8080 (http)
16:22:12.295 [restartedMain] INFO  o.a.coyote.http11.Http11NioProtocol - Initializing ProtocolHandler ["http-nio-8080"]
16:22:12.297 [restartedMain] INFO  o.a.catalina.core.StandardService - Starting service [Tomcat]
16:22:12.297 [restartedMain] INFO  o.a.catalina.core.StandardEngine - Starting Servlet engine: [Apache Tomcat/9.0.71]
16:22:12.402 [restartedMain] INFO  o.a.c.c.C.[Tomcat].[localhost].[/] - Initializing Spring embedded WebApplicationContext
16:22:12.402 [restartedMain] INFO  o.s.b.w.s.c.ServletWebServerApplicationContext - Root WebApplicationContext: initialization completed in 1848 ms
16:22:12.640 [restartedMain] INFO  o.h.jpa.internal.util.LogHelper - HHH000204: Processing PersistenceUnitInfo [name: default]
16:22:12.766 [restartedMain] INFO  org.hibernate.Version - HHH000412: Hibernate ORM core version 5.6.15.Final
16:22:12.952 [restartedMain] INFO  o.h.annotations.common.Version - HCANN000001: Hibernate Commons Annotations {5.1.2.Final}
16:22:13.078 [restartedMain] INFO  com.zaxxer.hikari.HikariDataSource - HikariPool-1 - Starting...
16:22:13.131 [restartedMain] INFO  com.zaxxer.hikari.HikariDataSource - HikariPool-1 - Start completed.
16:22:13.158 [restartedMain] INFO  org.hibernate.dialect.Dialect - HHH000400: Using dialect: org.hibernate.dialect.MariaDB106Dialect
16:22:13.879 [restartedMain] INFO  o.h.e.t.j.p.i.JtaPlatformInitiator - HHH000490: Using JtaPlatform implementation: [org.hibernate.engine.transaction.jta.platform.internal.NoJtaPlatform]
16:22:13.893 [restartedMain] INFO  o.s.o.j.LocalContainerEntityManagerFactoryBean - Initialized JPA EntityManagerFactory for persistence unit 'default'
16:22:14.605 [restartedMain] WARN  o.s.b.a.o.j.JpaBaseConfiguration$JpaWebConfiguration - spring.jpa.open-in-view is enabled by default. Therefore, database queries may be performed during view rendering. Explicitly configure spring.jpa.open-in-view to disable this warning
16:22:14.740 [restartedMain] WARN  o.s.s.c.a.web.builders.WebSecurity - You are asking Spring Security to ignore Ant [pattern='/favicon.ico']. This is not recommended -- please use permitAll via HttpSecurity#authorizeHttpRequests instead.
16:22:14.741 [restartedMain] INFO  o.s.s.web.DefaultSecurityFilterChain - Will not secure Ant [pattern='/favicon.ico']
16:22:14.742 [restartedMain] WARN  o.s.s.c.a.web.builders.WebSecurity - You are asking Spring Security to ignore Ant [pattern='/files/**']. This is not recommended -- please use permitAll via HttpSecurity#authorizeHttpRequests instead.
16:22:14.742 [restartedMain] INFO  o.s.s.web.DefaultSecurityFilterChain - Will not secure Ant [pattern='/files/**']
16:22:14.792 [restartedMain] INFO  o.s.s.web.DefaultSecurityFilterChain - Will secure any request with [org.springframework.security.web.session.DisableEncodeUrlFilter@27e84b0c, org.springframework.security.web.context.request.async.WebAsyncManagerIntegrationFilter@409840dd, org.springframework.security.web.context.SecurityContextPersistenceFilter@4ff3f70d, org.springframework.security.web.header.HeaderWriterFilter@362b368e, org.springframework.security.web.authentication.logout.LogoutFilter@449561d9, org.springframework.security.web.authentication.UsernamePasswordAuthenticationFilter@2edd79f8, org.springframework.security.web.authentication.www.BasicAuthenticationFilter@1101e43e, org.springframework.security.web.savedrequest.RequestCacheAwareFilter@1bda4d99, org.springframework.security.web.servletapi.SecurityContextHolderAwareRequestFilter@1153e160, org.springframework.security.web.authentication.AnonymousAuthenticationFilter@5e266ce4, org.springframework.security.web.session.SessionManagementFilter@451c8c8d, org.springframework.security.web.access.ExceptionTranslationFilter@1ec29f15, org.springframework.security.web.access.intercept.FilterSecurityInterceptor@7e894547]
16:22:14.990 [restartedMain] INFO  o.s.b.a.w.s.WelcomePageHandlerMapping - Adding welcome page template: index
16:22:15.250 [restartedMain] INFO  o.s.b.d.a.OptionalLiveReloadServer - LiveReload server is running on port 35729
16:22:15.277 [restartedMain] INFO  o.a.coyote.http11.Http11NioProtocol - Starting ProtocolHandler ["http-nio-8080"]
16:22:15.429 [restartedMain] INFO  o.s.b.w.e.tomcat.TomcatWebServer - Tomcat started on port(s): 8080 (http) with context path ''
16:22:15.443 [restartedMain] INFO  c.z.c.CommunityprojectApplication - Started CommunityprojectApplication in 5.604 seconds (JVM running for 6.588)
16:45:46.887 [http-nio-8080-exec-1] INFO  o.a.c.c.C.[Tomcat].[localhost].[/] - Initializing Spring DispatcherServlet 'dispatcherServlet'
16:45:46.887 [http-nio-8080-exec-1] INFO  o.s.web.servlet.DispatcherServlet - Initializing Servlet 'dispatcherServlet'
16:45:46.889 [http-nio-8080-exec-1] INFO  o.s.web.servlet.DispatcherServlet - Completed initialization in 2 ms
16:51:07.959 [SpringApplicationShutdownHook] INFO  o.s.o.j.LocalContainerEntityManagerFactoryBean - Closing JPA EntityManagerFactory for persistence unit 'default'
16:51:07.964 [SpringApplicationShutdownHook] INFO  com.zaxxer.hikari.HikariDataSource - HikariPool-1 - Shutdown initiated...
16:51:07.968 [SpringApplicationShutdownHook] INFO  com.zaxxer.hikari.HikariDataSource - HikariPool-1 - Shutdown completed.
